Base path: C:/Program Files/Unity/Editor/Data
Pipe name: \\.\pipe\UnityShaderCompiler-64bit-1-2548
Cmd: getPlatforms
Cmd: preprocess
  insize=8333 outsize=2044 ok=1
Cmd: compileSnippet
  api=4 type=0 insize=6508 outsize=1006 kw= pd= ok=1
Cmd: compileSnippet
  api=4 type=1 insize=6508 outsize=1899 kw= pd= ok=1
Cmd: compileSnippet
  api=4 type=0 insize=6503 outsize=1006 kw= pd= ok=1
Cmd: compileSnippet
  api=4 type=1 insize=6503 outsize=3565 kw= pd= ok=1
Cmd: compileSnippet
  api=4 type=0 insize=6503 outsize=1006 kw= pd= ok=1
Cmd: compileSnippet
  api=4 type=1 insize=6503 outsize=1485 kw= pd= ok=1
Cmd: compileSnippet
  api=4 type=0 insize=6503 outsize=1006 kw= pd= ok=1
Cmd: compileSnippet
  api=4 type=1 insize=6503 outsize=1485 kw= pd= ok=1
Cmd: compileSnippet
  api=4 type=0 insize=6505 outsize=1006 kw= pd= ok=1
Cmd: compileSnippet
  api=4 type=1 insize=6505 outsize=1810 kw= pd= ok=1
Cmd: compileSnippet
  api=4 type=0 insize=6505 outsize=1006 kw= pd= ok=1
Cmd: compileSnippet
  api=4 type=1 insize=6505 outsize=1485 kw= pd= ok=1
Cmd: compileSnippet
  api=4 type=0 insize=6514 outsize=1006 kw= pd= ok=1
Cmd: compileSnippet
  api=4 type=1 insize=6514 outsize=1444 kw= pd= ok=1
Cmd: compileSnippet
  api=4 type=0 insize=6519 outsize=1006 kw= pd= ok=1
Cmd: compileSnippet
  api=4 type=1 insize=6519 outsize=1363 kw= pd= ok=1
Cmd: compileSnippet
  api=4 type=0 insize=6512 outsize=1006 kw= pd= ok=1
Cmd: compileSnippet
  api=4 type=1 insize=6512 outsize=868 kw= pd= ok=1
Cmd: compileSnippet
  api=4 type=0 insize=6510 outsize=1006 kw= pd= ok=1
Cmd: compileSnippet
  api=4 type=1 insize=6510 outsize=1526 kw= pd= ok=1
Cmd: compileSnippet
  api=4 type=0 insize=6517 outsize=1006 kw= pd= ok=1
Cmd: compileSnippet
  api=4 type=1 insize=6517 outsize=1948 kw= pd= ok=1
Cmd: preprocess
  insize=10964 outsize=662 ok=1
Cmd: compileSnippet
  api=4 type=0 insize=10530 outsize=1006 kw= pd= ok=1
Cmd: compileSnippet
  api=4 type=1 insize=10530 outsize=1688 kw= pd= ok=1
Cmd: compileSnippet
  api=4 type=0 insize=10552 outsize=1006 kw= pd= ok=1
Cmd: compileSnippet
  api=4 type=1 insize=10552 outsize=9285 kw= pd= ok=1
Cmd: compileSnippet
  api=4 type=0 insize=10508 outsize=1006 kw= pd= ok=1
Cmd: compileSnippet
  api=4 type=1 insize=10508 outsize=9301 kw= pd= ok=1
Cmd: preprocess
  insize=1063 outsize=406 ok=1
Cmd: compileSnippet
  api=4 type=0 insize=955 outsize=1006 kw= pd= ok=1
Cmd: compileSnippet
  api=4 type=1 insize=955 outsize=859 kw= pd= ok=1
Cmd: compileSnippet
  api=4 type=0 insize=954 outsize=1006 kw= pd= ok=1
Cmd: compileSnippet
  api=4 type=1 insize=954 outsize=859 kw= pd= ok=1
Cmd: preprocess
  insize=9575 outsize=798 ok=1
Cmd: compileSnippet
  api=4 type=0 insize=8985 outsize=1924 kw= pd= ok=1
Cmd: compileSnippet
  api=4 type=1 insize=8985 outsize=3110 kw= pd= ok=1
Cmd: compileSnippet
  api=4 type=0 insize=8989 outsize=2013 kw= pd= ok=1
Cmd: compileSnippet
  api=4 type=1 insize=8989 outsize=3313 kw= pd= ok=1
Cmd: compileSnippet
  api=4 type=0 insize=9009 outsize=1355 kw= pd= ok=1
Cmd: compileSnippet
  api=4 type=1 insize=9009 outsize=4979 kw= pd= ok=1
Cmd: compileSnippet
  api=4 type=0 insize=9004 outsize=1355 kw= pd= ok=1
Cmd: compileSnippet
  api=4 type=1 insize=9004 outsize=5239 kw= pd= ok=1
Cmd: compileSnippet
  api=4 type=0 insize=9008 outsize=1493 kw= pd= ok=1
Cmd: compileSnippet
  api=4 type=1 insize=9008 outsize=1518 kw= pd= ok=1
Cmd: preprocess
  insize=1624 outsize=334 ok=1
Cmd: compileSnippet
  api=4 type=0 insize=1592 outsize=1363 kw= pd= ok=1
Cmd: compileSnippet
  api=4 type=1 insize=1592 outsize=1981 kw= pd= ok=1
Cmd: preprocess
  insize=844 outsize=330 ok=1
Cmd: compileSnippet
  api=4 type=0 insize=819 outsize=1006 kw= pd= ok=1
Cmd: compileSnippet
  api=4 type=1 insize=819 outsize=1241 kw= pd= ok=1
Cmd: preprocess
  insize=928 outsize=289 ok=1
Cmd: compileSnippet
  api=4 type=0 insize=944 outsize=1006 kw= pd= ok=1
Cmd: compileSnippet
  api=4 type=1 insize=944 outsize=973 kw= pd= ok=1
Cmd: preprocess
  insize=1923 outsize=467 ok=1
Cmd: compileSnippet
  api=4 type=0 insize=1758 outsize=1006 kw= pd= ok=1
Cmd: compileSnippet
  api=4 type=1 insize=1758 outsize=1704 kw= pd= ok=1
Cmd: preprocess
  insize=1217 outsize=387 ok=1
Cmd: compileSnippet
  api=4 type=0 insize=1135 outsize=1355 kw= pd= ok=1
Cmd: compileSnippet
  api=4 type=1 insize=1135 outsize=1542 kw= pd= ok=1
Cmd: preprocess
  insize=3521 outsize=640 ok=1
Cmd: compileSnippet
  api=4 type=0 insize=3155 outsize=1006 kw= pd= ok=1
Cmd: compileSnippet
  api=4 type=1 insize=3155 outsize=1355 kw= pd= ok=1
Cmd: compileSnippet
  api=4 type=0 insize=3153 outsize=1006 kw= pd= ok=1
Cmd: compileSnippet
  api=4 type=1 insize=3153 outsize=1225 kw= pd= ok=1
Cmd: compileSnippet
  api=4 type=0 insize=3160 outsize=1006 kw= pd= ok=1
Cmd: compileSnippet
  api=4 type=1 insize=3160 outsize=2801 kw= pd= ok=1
Cmd: preprocess
  insize=1164 outsize=384 ok=1
Cmd: compileSnippet
  api=4 type=0 insize=1085 outsize=1006 kw= pd= ok=1
Cmd: compileSnippet
  api=4 type=1 insize=1085 outsize=1973 kw= pd= ok=1
Cmd: preprocess
  insize=6542 outsize=781 ok=1
Cmd: compileSnippet
  api=4 type=0 insize=1983 outsize=1225 kw= pd= ok=1
Cmd: compileSnippet
  api=4 type=1 insize=1983 outsize=12251 kw= pd= ok=1
Cmd: compileSnippet
  api=4 type=0 insize=2247 outsize=1225 kw= pd= ok=1
Cmd: compileSnippet
  api=4 type=1 insize=2247 outsize=20148 kw= pd= ok=1
Cmd: compileSnippet
  api=4 type=0 insize=2753 outsize=1225 kw= pd= ok=1
Cmd: compileSnippet
  api=4 type=1 insize=2753 outsize=35943 kw= pd= ok=1
Cmd: compileSnippet
  error: 1 plat 4 at (229): 's': loop control variable conflicts with a previous declaration in the outer scope; most recent declaration will be used\nCompiling Vertex program
  api=4 type=0 insize=3029 outsize=1087 kw= pd= ok=1
Cmd: compileSnippet
  error: 1 plat 4 at (229): 's': loop control variable conflicts with a previous declaration in the outer scope; most recent declaration will be used\nCompiling Fragment program
  api=4 type=1 insize=3029 outsize=4028 kw= pd= ok=1
Cmd: compileSnippet
  api=4 type=0 insize=1969 outsize=1119 kw= pd= ok=1
Cmd: compileSnippet
  api=4 type=1 insize=1969 outsize=1111 kw= pd= ok=1
Cmd: preprocess
  insize=1097 outsize=289 ok=1
Cmd: compileSnippet
  api=4 type=0 insize=1113 outsize=1753 kw= pd= ok=1
Cmd: compileSnippet
  api=4 type=1 insize=1113 outsize=1412 kw= pd= ok=1
Cmd: preprocess
  insize=2413 outsize=753 ok=1
Cmd: compileSnippet
  api=4 type=0 insize=1931 outsize=1355 kw= pd= ok=1
Cmd: compileSnippet
  api=4 type=1 insize=1931 outsize=1217 kw= pd= ok=1
Cmd: compileSnippet
  api=4 type=0 insize=1928 outsize=1355 kw= pd= ok=1
Cmd: compileSnippet
  api=4 type=1 insize=1928 outsize=949 kw= pd= ok=1
Cmd: compileSnippet
  api=4 type=0 insize=1941 outsize=1656 kw= pd= ok=1
Cmd: compileSnippet
  api=4 type=1 insize=1941 outsize=1323 kw= pd= ok=1
Cmd: compileSnippet
  api=4 type=0 insize=1940 outsize=1355 kw= pd= ok=1
Cmd: compileSnippet
  api=4 type=1 insize=1940 outsize=868 kw= pd= ok=1
Cmd: preprocess
  insize=883 outsize=277 ok=1
Cmd: compileSnippet
  api=4 type=0 insize=911 outsize=1006 kw= pd= ok=1
Cmd: compileSnippet
  api=4 type=1 insize=911 outsize=1006 kw= pd= ok=1
Cmd: preprocess
  insize=1314 outsize=362 ok=1
Cmd: compileSnippet
  api=4 type=0 insize=1251 outsize=1469 kw= pd= ok=1
Cmd: compileSnippet
  api=4 type=1 insize=1251 outsize=1453 kw= pd= ok=1
Cmd: preprocess
  insize=1353 outsize=326 ok=1
Cmd: compileSnippet
  api=4 type=0 insize=1333 outsize=1802 kw= pd= ok=1
Cmd: compileSnippet
  api=4 type=1 insize=1333 outsize=1347 kw= pd= ok=1
Cmd: preprocess
  insize=1634 outsize=701 ok=1
Cmd: compileSnippet
  api=4 type=0 insize=1239 outsize=1843 kw= pd= ok=1
Cmd: compileSnippet
  api=4 type=1 insize=1239 outsize=1371 kw= pd= ok=1
Cmd: preprocess
  insize=1344 outsize=330 ok=1
Cmd: compileSnippet
  api=4 type=0 insize=1316 outsize=1363 kw= pd= ok=1
Cmd: compileSnippet
  api=4 type=1 insize=1316 outsize=1518 kw= pd= ok=1
Cmd: preprocess
  insize=1193 outsize=303 ok=1
Cmd: compileSnippet
  api=4 type=0 insize=1194 outsize=1314 kw= pd= ok=1
Cmd: compileSnippet
  api=4 type=1 insize=1194 outsize=1444 kw= pd= ok=1
Cmd: preprocess
  insize=2235 outsize=619 ok=1
Cmd: compileSnippet
  api=4 type=0 insize=1922 outsize=1444 kw= pd= ok=1
Cmd: compileSnippet
  api=4 type=1 insize=1922 outsize=3224 kw= pd= ok=1
Cmd: preprocess
  insize=902 outsize=252 ok=1
Cmd: compileSnippet
  api=4 type=0 insize=950 outsize=1071 kw= pd= ok=1
Cmd: compileSnippet
  api=4 type=1 insize=950 outsize=1233 kw= pd= ok=1
Cmd: preprocess
  insize=636 outsize=302 ok=1
Cmd: compileSnippet
  api=4 type=0 insize=634 outsize=1006 kw= pd= ok=1
Cmd: compileSnippet
  api=4 type=1 insize=634 outsize=1071 kw= pd= ok=1
Cmd: preprocess
  insize=6131 outsize=973 ok=1
Cmd: compileSnippet
  api=4 type=0 insize=5399 outsize=1314 kw= pd= ok=1
Cmd: compileSnippet
  api=4 type=1 insize=5399 outsize=892 kw= pd= ok=1
Cmd: compileSnippet
  api=4 type=0 insize=5406 outsize=1599 kw= pd= ok=1
Cmd: compileSnippet
  api=4 type=1 insize=5406 outsize=1534 kw= pd= ok=1
Cmd: compileSnippet
  api=4 type=0 insize=5410 outsize=1412 kw= pd= ok=1
Cmd: compileSnippet
  api=4 type=1 insize=5410 outsize=1534 kw= pd= ok=1
Cmd: compileSnippet
  api=4 type=0 insize=5411 outsize=1412 kw= pd= ok=1
Cmd: compileSnippet
  api=4 type=1 insize=5411 outsize=1534 kw= pd= ok=1
Cmd: compileSnippet
  api=4 type=0 insize=5415 outsize=1769 kw= pd= ok=1
Cmd: compileSnippet
  api=4 type=1 insize=5415 outsize=1802 kw= pd= ok=1
Cmd: compileSnippet
  api=4 type=0 insize=5416 outsize=1769 kw= pd= ok=1
Cmd: compileSnippet
  api=4 type=1 insize=5416 outsize=1802 kw= pd= ok=1
Cmd: preprocess
  insize=32573 outsize=255 ok=1
Cmd: compileSnippet
  api=4 type=0 insize=32620 outsize=1006 kw= pd= ok=1
Cmd: compileSnippet
  api=4 type=1 insize=32620 outsize=10764 kw= pd= ok=1
Cmd: preprocess
  insize=1154 outsize=242 ok=1
Cmd: compileSnippet
  api=4 type=0 insize=1214 outsize=1274 kw= pd= ok=1
Cmd: compileSnippet
  api=4 type=1 insize=1214 outsize=1453 kw= pd= ok=1
Cmd: preprocess
  insize=3946 outsize=505 ok=1
Cmd: compileSnippet
  api=4 type=0 insize=3629 outsize=1859 kw= pd= ok=1
Cmd: compileSnippet
  api=4 type=1 insize=3629 outsize=3248 kw= pd= ok=1
Cmd: compileSnippet
  api=4 type=0 insize=3630 outsize=1859 kw= pd= ok=1
Cmd: compileSnippet
  api=4 type=1 insize=3630 outsize=2338 kw= pd= ok=1
Cmd: compileSnippet
  api=4 type=0 insize=3630 outsize=1859 kw= pd= ok=1
Cmd: compileSnippet
  api=4 type=1 insize=3630 outsize=3134 kw= pd= ok=1
Cmd: preprocess
  insize=992 outsize=248 ok=1
Cmd: compileSnippet
  api=4 type=0 insize=1045 outsize=1550 kw= pd= ok=1
Cmd: compileSnippet
  api=4 type=1 insize=1045 outsize=1160 kw= pd= ok=1
Cmd: preprocess
  insize=4770 outsize=1779 ok=1
Cmd: compileSnippet
  api=4 type=0 insize=3198 outsize=1355 kw= pd= ok=1
Cmd: compileSnippet
  api=4 type=1 insize=3198 outsize=1176 kw= pd= ok=1
Cmd: compileSnippet
  api=4 type=0 insize=3195 outsize=1355 kw= pd= ok=1
Cmd: compileSnippet
  api=4 type=1 insize=3195 outsize=949 kw= pd= ok=1
Cmd: compileSnippet
  api=4 type=0 insize=3211 outsize=1769 kw= pd= ok=1
Cmd: compileSnippet
  api=4 type=1 insize=3211 outsize=1444 kw= pd= ok=1
Cmd: compileSnippet
  api=4 type=0 insize=3203 outsize=1355 kw= pd= ok=1
Cmd: compileSnippet
  api=4 type=1 insize=3203 outsize=868 kw= pd= ok=1
Cmd: compileSnippet
  api=4 type=0 insize=3203 outsize=1355 kw= pd= ok=1
Cmd: compileSnippet
  api=4 type=1 insize=3203 outsize=1176 kw= pd= ok=1
Cmd: compileSnippet
  api=4 type=0 insize=3200 outsize=1355 kw= pd= ok=1
Cmd: compileSnippet
  api=4 type=1 insize=3200 outsize=949 kw= pd= ok=1
Cmd: compileSnippet
  api=4 type=0 insize=3212 outsize=1769 kw= pd= ok=1
Cmd: compileSnippet
  api=4 type=1 insize=3212 outsize=1371 kw= pd= ok=1
Cmd: compileSnippet
  api=4 type=0 insize=3205 outsize=1355 kw= pd= ok=1
Cmd: compileSnippet
  api=4 type=1 insize=3205 outsize=786 kw= pd= ok=1
Cmd: compileSnippet
  api=4 type=0 insize=3197 outsize=1355 kw= pd= ok=1
Cmd: compileSnippet
  api=4 type=1 insize=3197 outsize=575 kw= pd= ok=1
Cmd: compileSnippet
  api=4 type=0 insize=3201 outsize=1355 kw= pd= ok=1
Cmd: compileSnippet
  api=4 type=1 insize=3201 outsize=778 kw= pd= ok=1
Cmd: compileSnippet
  api=4 type=0 insize=3196 outsize=1355 kw= pd= ok=1
Cmd: compileSnippet
  api=4 type=1 insize=3196 outsize=664 kw= pd= ok=1
Cmd: preprocess
  insize=12787 outsize=1859 ok=1
Cmd: compileSnippet
  api=4 type=0 insize=11105 outsize=1006 kw= pd= ok=1
Cmd: compileSnippet
  api=4 type=1 insize=11105 outsize=2176 kw= pd= ok=1
Cmd: compileSnippet
  api=4 type=0 insize=11096 outsize=1006 kw= pd= ok=1
Cmd: compileSnippet
  api=4 type=1 insize=11096 outsize=859 kw= pd= ok=1
Cmd: compileSnippet
  api=4 type=0 insize=11098 outsize=1006 kw= pd= ok=1
Cmd: compileSnippet
  api=4 type=1 insize=11098 outsize=1932 kw= pd= ok=1
Cmd: compileSnippet
  api=4 type=0 insize=11103 outsize=1006 kw= pd= ok=1
Cmd: compileSnippet
  api=4 type=1 insize=11103 outsize=3719 kw= pd= ok=1
Cmd: compileSnippet
  api=4 type=0 insize=11113 outsize=1006 kw= pd= ok=1
Cmd: compileSnippet
  api=4 type=1 insize=11113 outsize=5897 kw= pd= ok=1
Cmd: compileSnippet
  api=4 type=0 insize=11100 outsize=1006 kw= pd= ok=1
Cmd: compileSnippet
  api=4 type=1 insize=11100 outsize=1631 kw= pd= ok=1
Cmd: compileSnippet
  api=4 type=0 insize=11106 outsize=1006 kw= pd= ok=1
Cmd: compileSnippet
  api=4 type=1 insize=11106 outsize=3029 kw= pd= ok=1
Cmd: compileSnippet
  api=4 type=0 insize=11112 outsize=1006 kw= pd= ok=1
Cmd: compileSnippet
  api=4 type=1 insize=11112 outsize=9293 kw= pd= ok=1
Cmd: preprocess
  insize=963 outsize=333 ok=1
Cmd: compileSnippet
  api=4 type=0 insize=935 outsize=1006 kw= pd= ok=1
Cmd: compileSnippet
  api=4 type=1 insize=935 outsize=1054 kw= pd= ok=1
Cmd: preprocess
  insize=6023 outsize=731 ok=1
Cmd: compileSnippet
  api=4 type=0 insize=5294 outsize=1875 kw= pd= ok=1
Cmd: compileSnippet
  api=4 type=1 insize=5294 outsize=4394 kw= pd= ok=1
Cmd: compileSnippet
  api=4 type=0 insize=5302 outsize=1875 kw= pd= ok=1
Cmd: compileSnippet
  api=4 type=1 insize=5302 outsize=3508 kw= pd= ok=1
Cmd: compileSnippet
  api=4 type=0 insize=5296 outsize=1875 kw= pd= ok=1
Cmd: compileSnippet
  api=4 type=1 insize=5296 outsize=3524 kw= pd= ok=1
Cmd: compileSnippet
  api=4 type=0 insize=5307 outsize=1875 kw= pd= ok=1
Cmd: compileSnippet
  api=4 type=1 insize=5307 outsize=2704 kw= pd= ok=1
Cmd: compileSnippet
  api=4 type=0 insize=5302 outsize=1875 kw= pd= ok=1
Cmd: compileSnippet
  api=4 type=1 insize=5302 outsize=1924 kw= pd= ok=1
Cmd: preprocess
  insize=2677 outsize=761 ok=1
Cmd: compileSnippet
  api=4 type=0 insize=2189 outsize=1444 kw= pd= ok=1
Cmd: compileSnippet
  api=4 type=1 insize=2189 outsize=949 kw= pd= ok=1
Cmd: compileSnippet
  api=4 type=0 insize=2189 outsize=1444 kw= pd= ok=1
Cmd: compileSnippet
  api=4 type=1 insize=2189 outsize=1176 kw= pd= ok=1
Cmd: compileSnippet
  api=4 type=0 insize=2193 outsize=1444 kw= pd= ok=1
Cmd: compileSnippet
  api=4 type=1 insize=2193 outsize=989 kw= pd= ok=1
Cmd: compileSnippet
  api=4 type=0 insize=2192 outsize=1444 kw= pd= ok=1
Cmd: compileSnippet
  api=4 type=1 insize=2192 outsize=1989 kw= pd= ok=1
Cmd: compileSnippet
  api=4 type=0 insize=2195 outsize=1444 kw= pd= ok=1
Cmd: compileSnippet
  api=4 type=1 insize=2195 outsize=973 kw= pd= ok=1
Cmd: preprocess
  insize=10820 outsize=2532 ok=1
Cmd: compileSnippet
  api=4 type=0 insize=8515 outsize=1314 kw= pd= ok=1
Cmd: compileSnippet
  api=4 type=1 insize=8515 outsize=4475 kw= pd= ok=1
Cmd: compileSnippet
  api=4 type=0 insize=8520 outsize=1314 kw= pd= ok=1
Cmd: compileSnippet
  api=4 type=1 insize=8520 outsize=2558 kw= pd= ok=1
Cmd: compileSnippet
  api=4 type=0 insize=8519 outsize=1314 kw= pd= ok=1
Cmd: compileSnippet
  api=4 type=1 insize=8519 outsize=892 kw= pd= ok=1
Cmd: compileSnippet
  api=4 type=0 insize=8523 outsize=1314 kw= pd= ok=1
Cmd: compileSnippet
  api=4 type=1 insize=8523 outsize=1745 kw= pd= ok=1
Cmd: compileSnippet
  api=4 type=0 insize=8522 outsize=1314 kw= pd= ok=1
Cmd: compileSnippet
  api=4 type=1 insize=8522 outsize=1347 kw= pd= ok=1
Cmd: preprocess
  insize=913 outsize=421 ok=1
Cmd: compileSnippet
  api=4 type=0 insize=794 outsize=1006 kw= pd= ok=1
Cmd: compileSnippet
  api=4 type=1 insize=794 outsize=794 kw= pd= ok=1
Cmd: preprocess
  insize=12423 outsize=2312 ok=1
Cmd: compileSnippet
  api=4 type=0 insize=10185 outsize=1006 kw= pd= ok=1
Cmd: compileSnippet
  api=4 type=1 insize=10185 outsize=1193 kw= pd= ok=1
Cmd: compileSnippet
  api=4 type=0 insize=10184 outsize=1006 kw= pd= ok=1
Cmd: compileSnippet
  api=4 type=1 insize=10184 outsize=1631 kw= pd= ok=1
Cmd: compileSnippet
  api=4 type=0 insize=10184 outsize=1006 kw= pd= ok=1
Cmd: compileSnippet
  api=4 type=1 insize=10184 outsize=1704 kw= pd= ok=1
Cmd: compileSnippet
  api=4 type=0 insize=10166 outsize=1006 kw= pd= ok=1
Cmd: compileSnippet
  api=4 type=1 insize=10166 outsize=1225 kw= pd= ok=1
Cmd: compileSnippet
  api=4 type=0 insize=10185 outsize=1006 kw= pd= ok=1
Cmd: compileSnippet
  api=4 type=1 insize=10185 outsize=1355 kw= pd= ok=1
Cmd: compileSnippet
  api=4 type=0 insize=10166 outsize=1006 kw= pd= ok=1
Cmd: compileSnippet
  api=4 type=1 insize=10166 outsize=1623 kw= pd= ok=1
Cmd: compileSnippet
  api=4 type=0 insize=10211 outsize=1363 kw= pd= ok=1
Cmd: compileSnippet
  api=4 type=1 insize=10211 outsize=1867 kw= pd= ok=1
Cmd: compileSnippet
  api=4 type=0 insize=10165 outsize=1006 kw= pd= ok=1
Cmd: compileSnippet
  api=4 type=1 insize=10165 outsize=526 kw= pd= ok=1
Cmd: compileSnippet
  api=4 type=0 insize=10169 outsize=1006 kw= pd= ok=1
Cmd: compileSnippet
  api=4 type=1 insize=10169 outsize=616 kw= pd= ok=1
Cmd: compileSnippet
  api=4 type=0 insize=10191 outsize=2176 kw= pd= ok=1
Cmd: compileSnippet
  api=4 type=1 insize=10191 outsize=3281 kw= pd= ok=1
Cmd: compileSnippet
  api=4 type=0 insize=10185 outsize=2176 kw= pd= ok=1
Cmd: compileSnippet
  api=4 type=1 insize=10185 outsize=3443 kw= pd= ok=1
Cmd: compileSnippet
  api=4 type=0 insize=10191 outsize=2176 kw= pd= ok=1
Cmd: compileSnippet
  api=4 type=1 insize=10191 outsize=3281 kw= pd= ok=1
Cmd: preprocess
  insize=1909 outsize=438 ok=1
Cmd: compileSnippet
  api=4 type=0 insize=1746 outsize=1006 kw= pd= ok=1
Cmd: compileSnippet
  api=4 type=1 insize=1746 outsize=1615 kw= pd= ok=1
Cmd: compileSnippet
  api=4 type=0 insize=1759 outsize=1006 kw= pd= ok=1
Cmd: compileSnippet
  api=4 type=1 insize=1759 outsize=1916 kw= pd= ok=1
Cmd: preprocess
  insize=1530 outsize=277 ok=1
Cmd: compileSnippet
  api=4 type=0 insize=1558 outsize=1753 kw= pd= ok=1
Cmd: compileSnippet
  api=4 type=1 insize=1558 outsize=2371 kw= pd= ok=1
Cmd: preprocess
  insize=23968 outsize=4108 ok=1
Cmd: compileSnippet
  api=4 type=0 insize=19214 outsize=1314 kw= pd= ok=1
Cmd: compileSnippet
  api=4 type=1 insize=19214 outsize=1436 kw= pd= ok=1
Cmd: compileSnippet
  api=4 type=0 insize=19220 outsize=2111 kw= pd= ok=1
Cmd: compileSnippet
  api=4 type=1 insize=19220 outsize=3931 kw= pd= ok=1
Cmd: compileSnippet
  api=4 type=0 insize=19223 outsize=2111 kw= pd= ok=1
Cmd: compileSnippet
  api=4 type=1 insize=19223 outsize=7587 kw= pd= ok=1
Cmd: compileSnippet
  api=4 type=0 insize=19202 outsize=1314 kw= pd= ok=1
Cmd: compileSnippet
  api=4 type=1 insize=19202 outsize=664 kw= pd= ok=1
Cmd: compileSnippet
  api=4 type=0 insize=19218 outsize=1314 kw= pd= ok=1
Cmd: compileSnippet
  api=4 type=1 insize=19218 outsize=1428 kw= pd= ok=1
Cmd: compileSnippet
  api=4 type=0 insize=19205 outsize=1314 kw= pd= ok=1
Cmd: compileSnippet
  api=4 type=1 insize=19205 outsize=2574 kw= pd= ok=1
Cmd: compileSnippet
  api=4 type=0 insize=19216 outsize=1314 kw= pd= ok=1
Cmd: compileSnippet
  api=4 type=1 insize=19216 outsize=2111 kw= pd= ok=1
Cmd: compileSnippet
  api=4 type=0 insize=19212 outsize=1314 kw= pd= ok=1
Cmd: compileSnippet
  api=4 type=1 insize=19212 outsize=843 kw= pd= ok=1
Cmd: compileSnippet
  api=4 type=0 insize=19222 outsize=1314 kw= pd= ok=1
Cmd: compileSnippet
  api=4 type=1 insize=19222 outsize=1501 kw= pd= ok=1
Cmd: compileSnippet
  api=4 type=0 insize=19215 outsize=1314 kw= pd= ok=1
Cmd: compileSnippet
  api=4 type=1 insize=19215 outsize=1233 kw= pd= ok=1
Cmd: compileSnippet
  api=4 type=0 insize=19222 outsize=1314 kw= pd= ok=1
Cmd: compileSnippet
  api=4 type=1 insize=19222 outsize=1818 kw= pd= ok=1
Cmd: compileSnippet
  api=4 type=0 insize=19210 outsize=1314 kw= pd= ok=1
Cmd: compileSnippet
  error: 1 plat 4 at (92): gradient-based operations must be moved out of flow control to prevent divergence. Performance may improve by using a non-gradient operation\nCompiling Fragment program
  error: 1 plat 4 at (168): gradient-based operations must be moved out of flow control to prevent divergence. Performance may improve by using a non-gradient operation\nCompiling Fragment program
  api=4 type=1 insize=19210 outsize=3102 kw= pd= ok=1
Cmd: compileSnippet
  api=4 type=0 insize=19219 outsize=1314 kw= pd= ok=1
Cmd: compileSnippet
  api=4 type=1 insize=19219 outsize=3500 kw= pd= ok=1
Cmd: compileSnippet
  api=4 type=0 insize=19206 outsize=1314 kw= pd= ok=1
Cmd: compileSnippet
  api=4 type=1 insize=19206 outsize=1558 kw= pd= ok=1
Cmd: compileSnippet
  api=4 type=0 insize=19220 outsize=1314 kw= pd= ok=1
Cmd: compileSnippet
  api=4 type=1 insize=19220 outsize=1046 kw= pd= ok=1
Cmd: compileSnippet
  api=4 type=0 insize=19211 outsize=1314 kw= pd= ok=1
Cmd: compileSnippet
  api=4 type=1 insize=19211 outsize=1404 kw= pd= ok=1
Cmd: compileSnippet
  api=4 type=0 insize=19206 outsize=1314 kw= pd= ok=1
Cmd: compileSnippet
  api=4 type=1 insize=19206 outsize=859 kw= pd= ok=1
Cmd: compileSnippet
  api=4 type=0 insize=19210 outsize=1314 kw= pd= ok=1
Cmd: compileSnippet
  error: 1 plat 4 at (97): gradient-based operations must be moved out of flow control to prevent divergence. Performance may improve by using a non-gradient operation\nCompiling Fragment program
  error: 1 plat 4 at (200): gradient-based operations must be moved out of flow control to prevent divergence. Performance may improve by using a non-gradient operation\nCompiling Fragment program
  api=4 type=1 insize=19210 outsize=3858 kw= pd= ok=1
Cmd: compileSnippet
  api=4 type=0 insize=19219 outsize=1314 kw= pd= ok=1
Cmd: compileSnippet
  api=4 type=1 insize=19219 outsize=3760 kw= pd= ok=1
Cmd: compileSnippet
  api=4 type=0 insize=19228 outsize=2111 kw= pd= ok=1
Cmd: compileSnippet
  api=4 type=1 insize=19228 outsize=4670 kw= pd= ok=1
Cmd: compileSnippet
  api=4 type=0 insize=19207 outsize=1314 kw= pd= ok=1
Cmd: compileSnippet
  api=4 type=1 insize=19207 outsize=778 kw= pd= ok=1
Cmd: compileSnippet
  api=4 type=0 insize=19209 outsize=1314 kw= pd= ok=1
Cmd: compileSnippet
  api=4 type=1 insize=19209 outsize=2574 kw= pd= ok=1
Cmd: compileSnippet
  api=4 type=0 insize=19225 outsize=1314 kw= pd= ok=1
Cmd: compileSnippet
  api=4 type=1 insize=19225 outsize=664 kw= pd= ok=1
Cmd: preprocess
  insize=3938 outsize=531 ok=1
Cmd: compileSnippet
  api=4 type=0 insize=3713 outsize=1753 kw= pd= ok=1
Cmd: compileSnippet
  api=4 type=1 insize=3713 outsize=3305 kw= pd= ok=1
Cmd: compileSnippet
  api=4 type=0 insize=3725 outsize=1753 kw= pd= ok=1
Cmd: compileSnippet
  api=4 type=1 insize=3725 outsize=1794 kw= pd= ok=1
Cmd: compileSnippet
  api=4 type=0 insize=3716 outsize=1753 kw= pd= ok=1
Cmd: compileSnippet
  api=4 type=1 insize=3716 outsize=2395 kw= pd= ok=1
Cmd: preprocess
  insize=1234 outsize=276 ok=1
Cmd: compileSnippet
  api=4 type=0 insize=1259 outsize=1924 kw= pd= ok=1
Cmd: compileSnippet
  api=4 type=1 insize=1259 outsize=1599 kw= pd= ok=1
Cmd: preprocess
  insize=1675 outsize=280 ok=1
Cmd: compileSnippet
  api=4 type=0 insize=1697 outsize=1729 kw= pd= ok=1
Cmd: compileSnippet
  api=4 type=1 insize=1697 outsize=4629 kw= pd= ok=1
Cmd: preprocess
  insize=965 outsize=333 ok=1
Cmd: compileSnippet
  api=4 type=0 insize=934 outsize=1006 kw= pd= ok=1
Cmd: compileSnippet
  api=4 type=1 insize=934 outsize=1298 kw= pd= ok=1
Cmd: preprocess
  insize=1082 outsize=404 ok=1
Cmd: compileSnippet
  api=4 type=0 insize=951 outsize=1006 kw= pd= ok=1
Cmd: compileSnippet
  api=4 type=1 insize=951 outsize=965 kw= pd= ok=1
Cmd: compileSnippet
  api=4 type=0 insize=957 outsize=1006 kw= pd= ok=1
Cmd: compileSnippet
  api=4 type=1 insize=957 outsize=1022 kw= pd= ok=1
Cmd: preprocess
  insize=673 outsize=248 ok=1
Cmd: compileSnippet
  api=4 type=0 insize=724 outsize=1006 kw= pd= ok=1
Cmd: compileSnippet
  api=4 type=1 insize=724 outsize=835 kw= pd= ok=1
Cmd: preprocess
  insize=5564 outsize=855 ok=1
Cmd: compileSnippet
  api=4 type=0 insize=4897 outsize=1574 kw= pd= ok=1
Cmd: compileSnippet
  api=4 type=1 insize=4897 outsize=2151 kw= pd= ok=1
Cmd: compileSnippet
  api=4 type=0 insize=4899 outsize=1574 kw= pd= ok=1
Cmd: compileSnippet
  api=4 type=1 insize=4899 outsize=1656 kw= pd= ok=1
Cmd: compileSnippet
  api=4 type=0 insize=4903 outsize=1574 kw= pd= ok=1
Cmd: compileSnippet
  api=4 type=1 insize=4903 outsize=1818 kw= pd= ok=1
Cmd: compileSnippet
  api=4 type=0 insize=4912 outsize=1006 kw= pd= ok=1
Cmd: compileSnippet
  api=4 type=1 insize=4912 outsize=1054 kw= pd= ok=1
Cmd: compileSnippet
  api=4 type=0 insize=4893 outsize=1574 kw= pd= ok=1
Cmd: compileSnippet
  api=4 type=1 insize=4893 outsize=2151 kw= pd= ok=1
Cmd: preprocess
  insize=5171 outsize=737 ok=1
Cmd: compileSnippet
  api=4 type=0 insize=4605 outsize=1006 kw= pd= ok=1
Cmd: compileSnippet
  api=4 type=1 insize=4605 outsize=1201 kw= pd= ok=1
Cmd: compileSnippet
  api=4 type=0 insize=4609 outsize=2151 kw= pd= ok=1
Cmd: compileSnippet
  api=4 type=1 insize=4609 outsize=1851 kw= pd= ok=1
Cmd: compileSnippet
  api=4 type=0 insize=4619 outsize=2159 kw= pd= ok=1
Cmd: compileSnippet
  api=4 type=1 insize=4619 outsize=2753 kw= pd= ok=1
Cmd: compileSnippet
  api=4 type=0 insize=4614 outsize=2159 kw= pd= ok=1
Cmd: compileSnippet
  api=4 type=1 insize=4614 outsize=2419 kw= pd= ok=1
Cmd: compileSnippet
  api=4 type=0 insize=4620 outsize=1753 kw= pd= ok=1
Cmd: compileSnippet
  api=4 type=1 insize=4620 outsize=2371 kw= pd= ok=1
Cmd: preprocess
  insize=520 outsize=341 ok=1
Cmd: compileSnippet
  api=4 type=0 insize=481 outsize=1006 kw= pd= ok=1
Cmd: compileSnippet
  api=4 type=1 insize=481 outsize=1274 kw= pd= ok=1
Cmd: preprocess
  insize=6414 outsize=902 ok=1
Cmd: compileSnippet
  api=4 type=0 insize=5582 outsize=1314 kw= pd= ok=1
Cmd: compileSnippet
  api=4 type=1 insize=5582 outsize=811 kw= pd= ok=1
Cmd: compileSnippet
  api=4 type=0 insize=5581 outsize=1314 kw= pd= ok=1
Cmd: compileSnippet
  api=4 type=1 insize=5581 outsize=908 kw= pd= ok=1
Cmd: compileSnippet
  api=4 type=0 insize=5575 outsize=1314 kw= pd= ok=1
Cmd: compileSnippet
  api=4 type=1 insize=5575 outsize=2639 kw= pd= ok=1
Cmd: compileSnippet
  api=4 type=0 insize=5574 outsize=1314 kw= pd= ok=1
Cmd: compileSnippet
  api=4 type=1 insize=5574 outsize=2793 kw= pd= ok=1
Cmd: compileSnippet
  api=4 type=0 insize=5577 outsize=1314 kw= pd= ok=1
Cmd: compileSnippet
  api=4 type=1 insize=5577 outsize=2907 kw= pd= ok=1
Cmd: compileSnippet
  api=4 type=0 insize=5576 outsize=1314 kw= pd= ok=1
Cmd: compileSnippet
  api=4 type=1 insize=5576 outsize=2964 kw= pd= ok=1
Cmd: compileSnippet
  api=4 type=0 insize=5578 outsize=1314 kw= pd= ok=1
Cmd: compileSnippet
  api=4 type=1 insize=5578 outsize=1014 kw= pd= ok=1
Cmd: preprocess
  insize=32583 outsize=255 ok=1
Cmd: compileSnippet
  api=4 type=0 insize=32630 outsize=1006 kw= pd= ok=1
Cmd: compileSnippet
  api=4 type=1 insize=32630 outsize=10699 kw= pd= ok=1
Cmd: preprocess
  insize=5175 outsize=1721 ok=1
Cmd: compileSnippet
  api=4 type=0 insize=3758 outsize=1769 kw= pd= ok=1
Cmd: compileSnippet
  api=4 type=1 insize=3758 outsize=6961 kw= pd= ok=1
Cmd: preprocess
  insize=6737 outsize=236 ok=1
Cmd: compileSnippet
  api=4 type=0 insize=6803 outsize=1396 kw= pd= ok=1
Cmd: compileSnippet
  api=4 type=1 insize=6803 outsize=4434 kw= pd= ok=1
Cmd: preprocess
  insize=4268 outsize=418 ok=1
Cmd: compileSnippet
  api=4 type=0 insize=4125 outsize=2216 kw= pd= ok=1
Cmd: compileSnippet
  api=4 type=1 insize=4125 outsize=7043 kw= pd= ok=1
Cmd: compileSnippet
  api=4 type=0 insize=4130 outsize=2216 kw= pd= ok=1
Cmd: compileSnippet
  api=4 type=1 insize=4130 outsize=6108 kw= pd= ok=1
Cmd: preprocess
  insize=4608 outsize=887 ok=1
Cmd: compileSnippet
  api=4 type=0 insize=3943 outsize=1314 kw= pd= ok=1
Cmd: compileSnippet
  api=4 type=1 insize=3943 outsize=1217 kw= pd= ok=1
Cmd: compileSnippet
  api=4 type=0 insize=3951 outsize=1249 kw= pd= ok=1
Cmd: compileSnippet
  api=4 type=1 insize=3951 outsize=1201 kw= pd= ok=1
Cmd: compileSnippet
  api=4 type=0 insize=3943 outsize=1314 kw= pd= ok=1
Cmd: compileSnippet
  api=4 type=1 insize=3943 outsize=1721 kw= pd= ok=1
Cmd: compileSnippet
  api=4 type=0 insize=3945 outsize=1314 kw= pd= ok=1
Cmd: compileSnippet
  api=4 type=1 insize=3945 outsize=2021 kw= pd= ok=1
Cmd: compileSnippet
  api=4 type=0 insize=3940 outsize=1314 kw= pd= ok=1
Cmd: compileSnippet
  api=4 type=1 insize=3940 outsize=989 kw= pd= ok=1
Cmd: preprocess
  insize=5717 outsize=1219 ok=1
Cmd: compileSnippet
  api=4 type=0 insize=4250 outsize=1444 kw= pd= ok=1
Cmd: compileSnippet
  api=4 type=1 insize=4250 outsize=3208 kw= pd= ok=1
Cmd: compileSnippet
  error: 1 plat 4 at (72): Output value 'vertApply' is not completely initialized\nCompiling Vertex program
  api=4 type=0 insize=3336 outsize=1201 kw= pd= ok=1
Cmd: compileSnippet
  api=4 type=1 insize=3336 outsize=1672 kw= pd= ok=1
Cmd: compileSnippet
  api=4 type=4 insize=3336 outsize=3606 kw= pd= ok=1
Cmd: compileSnippet
  error: 1 plat 4 at (72): Output value 'vertApply' is not completely initialized\nCompiling Vertex program
  api=4 type=0 insize=3336 outsize=1201 kw= pd= ok=1
Cmd: compileSnippet
  api=4 type=1 insize=3336 outsize=1672 kw= pd= ok=1
Cmd: compileSnippet
  api=4 type=4 insize=3336 outsize=3606 kw= pd= ok=1
Cmd: preprocess
  insize=716 outsize=286 ok=1
Cmd: compileSnippet
  api=4 type=0 insize=732 outsize=1006 kw= pd= ok=1
Cmd: compileSnippet
  api=4 type=1 insize=732 outsize=673 kw= pd= ok=1
Cmd: preprocess
  insize=656 outsize=299 ok=1
Cmd: compileSnippet
  api=4 type=0 insize=657 outsize=1006 kw= pd= ok=1
Cmd: compileSnippet
  api=4 type=1 insize=657 outsize=1404 kw= pd= ok=1
Cmd: preprocess
  insize=3696 outsize=630 ok=1
Cmd: compileSnippet
  api=4 type=0 insize=3278 outsize=1006 kw= pd= ok=1
Cmd: compileSnippet
  api=4 type=1 insize=3278 outsize=1274 kw= pd= ok=1
Cmd: compileSnippet
  api=4 type=0 insize=3285 outsize=2151 kw= pd= ok=1
Cmd: compileSnippet
  api=4 type=1 insize=3285 outsize=1851 kw= pd= ok=1
Cmd: compileSnippet
  api=4 type=0 insize=3294 outsize=2135 kw= pd= ok=1
Cmd: compileSnippet
  api=4 type=1 insize=3294 outsize=2208 kw= pd= ok=1
Cmd: compileSnippet
  api=4 type=0 insize=3289 outsize=2135 kw= pd= ok=1
Cmd: compileSnippet
  api=4 type=1 insize=3289 outsize=2419 kw= pd= ok=1
Cmd: preprocess
  insize=799 outsize=276 ok=1
Cmd: compileSnippet
  api=4 type=0 insize=828 outsize=1006 kw= pd= ok=1
Cmd: compileSnippet
  api=4 type=1 insize=828 outsize=1103 kw= pd= ok=1
Cmd: preprocess
  insize=1265 outsize=272 ok=1
Cmd: compileSnippet
  api=4 type=0 insize=1298 outsize=1574 kw= pd= ok=1
Cmd: compileSnippet
  api=4 type=1 insize=1298 outsize=1956 kw= pd= ok=1
Cmd: preprocess
  insize=2015 outsize=946 ok=1
Cmd: compileSnippet
  api=4 type=0 insize=859 outsize=1087 kw= pd= ok=1
Cmd: compileSnippet
  api=4 type=1 insize=859 outsize=754 kw= pd= ok=1
Cmd: compileSnippet
  api=4 type=0 insize=814 outsize=1087 kw= pd= ok=1
Cmd: compileSnippet
  api=4 type=1 insize=814 outsize=616 kw= pd= ok=1
Cmd: preprocess
  insize=5095 outsize=700 ok=1
Cmd: compileSnippet
  api=4 type=0 insize=4659 outsize=1014 kw= pd= ok=1
Cmd: compileSnippet
  api=4 type=1 insize=4659 outsize=1964 kw= pd= ok=1
Cmd: compileSnippet
  api=4 type=0 insize=4664 outsize=1014 kw= pd= ok=1
Cmd: compileSnippet
  api=4 type=1 insize=4664 outsize=1696 kw= pd= ok=1
Cmd: compileSnippet
  api=4 type=0 insize=4674 outsize=1014 kw= pd= ok=1
Cmd: compileSnippet
  error: 1 plat 4 at (151): integer modulus may be much slower, try using uints if possible.\nCompiling Fragment program
  api=4 type=1 insize=4674 outsize=6466 kw= pd= ok=1
Cmd: preprocess
  insize=1017 outsize=470 ok=1
Cmd: compileSnippet
  api=4 type=0 insize=849 outsize=1144 kw= pd= ok=1
Cmd: compileSnippet
  api=4 type=1 insize=849 outsize=1038 kw= pd= ok=1
Cmd: preprocess
  insize=1139 outsize=364 ok=1
Cmd: compileSnippet
  api=4 type=0 insize=1080 outsize=1249 kw= pd= ok=1
Cmd: compileSnippet
  api=4 type=1 insize=1080 outsize=1201 kw= pd= ok=1
Cmd: preprocess
  insize=512 outsize=241 ok=1
Cmd: compileSnippet
  api=4 type=0 insize=573 outsize=843 kw= pd= ok=1
Cmd: compileSnippet
  api=4 type=1 insize=573 outsize=453 kw= pd= ok=1
Cmd: preprocess
  insize=650 outsize=290 ok=1
Cmd: compileSnippet
  api=4 type=0 insize=665 outsize=1006 kw= pd= ok=1
Cmd: compileSnippet
  api=4 type=1 insize=665 outsize=729 kw= pd= ok=1
Cmd: preprocess
  insize=5006 outsize=866 ok=1
Cmd: compileSnippet
  api=4 type=0 insize=4390 outsize=1599 kw= pd= ok=1
Cmd: compileSnippet
  api=4 type=1 insize=4390 outsize=1323 kw= pd= ok=1
Cmd: compileSnippet
  api=4 type=0 insize=4394 outsize=1412 kw= pd= ok=1
Cmd: compileSnippet
  api=4 type=1 insize=4394 outsize=1534 kw= pd= ok=1
Cmd: compileSnippet
  api=4 type=0 insize=4395 outsize=1412 kw= pd= ok=1
Cmd: compileSnippet
  api=4 type=1 insize=4395 outsize=1534 kw= pd= ok=1
Cmd: compileSnippet
  api=4 type=0 insize=4399 outsize=1769 kw= pd= ok=1
Cmd: compileSnippet
  api=4 type=1 insize=4399 outsize=1802 kw= pd= ok=1
Cmd: compileSnippet
  api=4 type=0 insize=4400 outsize=1769 kw= pd= ok=1
Cmd: compileSnippet
  api=4 type=1 insize=4400 outsize=1802 kw= pd= ok=1
Cmd: preprocess
  insize=1663 outsize=666 ok=1
Cmd: compileSnippet
  api=4 type=0 insize=1299 outsize=1542 kw= pd= ok=1
Cmd: compileSnippet
  api=4 type=1 insize=1299 outsize=1258 kw= pd= ok=1
Cmd: compileSnippet
  api=4 type=0 insize=751 outsize=3776 kw=SHADOWS_DEPTH _ALPHABLEND_ON pd= ok=1
Cmd: compileSnippet
  api=4 type=1 insize=751 outsize=1233 kw=SHADOWS_DEPTH _ALPHABLEND_ON pd= ok=1
Cmd: compileSnippet
  api=4 type=0 insize=982 outsize=3979 kw=DIRECTIONAL SHADOWS_OFF LIGHTMAP_OFF DIRLIGHTMAP_OFF DYNAMICLIGHTMAP_OFF _EMISSION _ALPHABLEND_ON pd= ok=1
Cmd: compileSnippet
  api=4 type=1 insize=982 outsize=10853 kw=DIRECTIONAL SHADOWS_OFF LIGHTMAP_OFF DIRLIGHTMAP_OFF DYNAMICLIGHTMAP_OFF _EMISSION _ALPHABLEND_ON pd= ok=1
Cmd: compileSnippet
  api=4 type=0 insize=938 outsize=4101 kw=DIRECTIONAL SHADOWS_OFF _ALPHABLEND_ON pd= ok=1
Cmd: compileSnippet
  api=4 type=1 insize=938 outsize=5539 kw=DIRECTIONAL SHADOWS_OFF _ALPHABLEND_ON pd= ok=1
Cmd: compileSnippet
  api=4 type=0 insize=982 outsize=4703 kw=DIRECTIONAL SHADOWS_OFF LIGHTMAP_OFF DIRLIGHTMAP_OFF DYNAMICLIGHTMAP_OFF _METALLICGLOSSMAP _NORMALMAP pd= ok=1
Cmd: compileSnippet
  api=4 type=1 insize=982 outsize=11471 kw=DIRECTIONAL SHADOWS_OFF LIGHTMAP_OFF DIRLIGHTMAP_OFF DYNAMICLIGHTMAP_OFF _METALLICGLOSSMAP _NORMALMAP pd= ok=1
Cmd: compileSnippet
  api=4 type=0 insize=938 outsize=4101 kw=DIRECTIONAL SHADOWS_OFF _METALLICGLOSSMAP _NORMALMAP pd= ok=1
Cmd: compileSnippet
  api=4 type=1 insize=938 outsize=6319 kw=DIRECTIONAL SHADOWS_OFF _METALLICGLOSSMAP _NORMALMAP pd= ok=1
Cmd: compileSnippet
  api=4 type=0 insize=1215 outsize=1314 kw= pd= ok=1
Cmd: compileSnippet
  api=4 type=1 insize=1215 outsize=1168 kw= pd= ok=1
Cmd: compileSnippet
  api=4 type=0 insize=751 outsize=3533 kw=SHADOWS_DEPTH pd= ok=1
Cmd: compileSnippet
  api=4 type=1 insize=751 outsize=380 kw=SHADOWS_DEPTH pd= ok=1
Cmd: compileSnippet
  api=4 type=0 insize=977 outsize=4703 kw=DIRECTIONAL SHADOWS_OFF LIGHTMAP_OFF DIRLIGHTMAP_OFF DYNAMICLIGHTMAP_OFF _DETAIL_MULX2 _NORMALMAP _SPECGLOSSMAP pd= ok=1
Cmd: compileSnippet
  api=4 type=1 insize=977 outsize=12730 kw=DIRECTIONAL SHADOWS_OFF LIGHTMAP_OFF DIRLIGHTMAP_OFF DYNAMICLIGHTMAP_OFF _DETAIL_MULX2 _NORMALMAP _SPECGLOSSMAP pd= ok=1
Cmd: compileSnippet
  api=4 type=0 insize=934 outsize=4101 kw=DIRECTIONAL SHADOWS_OFF _DETAIL_MULX2 _NORMALMAP _SPECGLOSSMAP pd= ok=1
Cmd: compileSnippet
  api=4 type=1 insize=934 outsize=7603 kw=DIRECTIONAL SHADOWS_OFF _DETAIL_MULX2 _NORMALMAP _SPECGLOSSMAP pd= ok=1
Cmd: compileSnippet
  api=4 type=0 insize=982 outsize=4418 kw=DIRECTIONAL SHADOWS_OFF LIGHTMAP_OFF DIRLIGHTMAP_COMBINED DYNAMICLIGHTMAP_ON pd= ok=1
Cmd: compileSnippet
  api=4 type=1 insize=982 outsize=11081 kw=DIRECTIONAL SHADOWS_OFF LIGHTMAP_OFF DIRLIGHTMAP_COMBINED DYNAMICLIGHTMAP_ON pd= ok=1
Cmd: compileSnippet
  api=0 type=0 insize=8382 outsize=4992 kw=DIRECTIONAL SHADOWS_OFF LIGHTMAP_OFF DIRLIGHTMAP_OFF DYNAMICLIGHTMAP_OFF pd= ok=1
Cmd: compileSnippet
  api=1 type=0 insize=8382 outsize=993 kw=DIRECTIONAL SHADOWS_OFF LIGHTMAP_OFF DIRLIGHTMAP_COMBINED DYNAMICLIGHTMAP_ON pd= ok=1
Cmd: compileSnippet
  api=0 type=0 insize=8382 outsize=5506 kw=DIRECTIONAL SHADOWS_SCREEN LIGHTMAP_OFF DIRLIGHTMAP_OFF DYNAMICLIGHTMAP_OFF pd= ok=1
Cmd: compileSnippet
  api=1 type=0 insize=8382 outsize=1142 kw=DIRECTIONAL SHADOWS_SCREEN LIGHTMAP_OFF DIRLIGHTMAP_COMBINED DYNAMICLIGHTMAP_ON pd= ok=1
Cmd: compileSnippet
  api=4 type=0 insize=8382 outsize=4995 kw=DIRECTIONAL SHADOWS_SCREEN LIGHTMAP_OFF DIRLIGHTMAP_COMBINED DYNAMICLIGHTMAP_ON pd= ok=1
Cmd: compileSnippet
  api=0 type=0 insize=8382 outsize=6188 kw=DIRECTIONAL SHADOWS_OFF LIGHTMAP_OFF DIRLIGHTMAP_OFF DYNAMICLIGHTMAP_OFF VERTEXLIGHT_ON pd= ok=1
Cmd: compileSnippet
  api=0 type=0 insize=8382 outsize=4944 kw=DIRECTIONAL SHADOWS_OFF LIGHTMAP_OFF DIRLIGHTMAP_COMBINED DYNAMICLIGHTMAP_ON VERTEXLIGHT_ON pd= ok=1
Cmd: compileSnippet
  api=0 type=0 insize=8382 outsize=6702 kw=DIRECTIONAL SHADOWS_SCREEN LIGHTMAP_OFF DIRLIGHTMAP_OFF DYNAMICLIGHTMAP_OFF VERTEXLIGHT_ON pd= ok=1
Cmd: compileSnippet
  api=1 type=0 insize=8382 outsize=1142 kw=DIRECTIONAL SHADOWS_SCREEN LIGHTMAP_OFF DIRLIGHTMAP_COMBINED DYNAMICLIGHTMAP_ON VERTEXLIGHT_ON pd= ok=1
Cmd: compileSnippet
  api=4 type=0 insize=8382 outsize=4995 kw=DIRECTIONAL SHADOWS_SCREEN LIGHTMAP_OFF DIRLIGHTMAP_COMBINED DYNAMICLIGHTMAP_ON VERTEXLIGHT_ON pd= ok=1
Cmd: compileSnippet
  api=8 type=0 insize=8382 outsize=8596 kw=DIRECTIONAL SHADOWS_SCREEN SHADOWS_NATIVE LIGHTMAP_OFF DIRLIGHTMAP_OFF DYNAMICLIGHTMAP_OFF pd=UNITY_NO_SCREENSPACE_SHADOWS UNITY_NO_LINEAR_COLORSPACE ok=1
Cmd: compileSnippet
  api=0 type=1 insize=8382 outsize=6 kw=DIRECTIONAL SHADOWS_OFF LIGHTMAP_OFF DIRLIGHTMAP_OFF DYNAMICLIGHTMAP_OFF pd= ok=1
Cmd: compileSnippet
  api=8 type=1 insize=8382 outsize=5834 kw=DIRECTIONAL SHADOWS_OFF LIGHTMAP_OFF DIRLIGHTMAP_OFF DYNAMICLIGHTMAP_OFF pd=UNITY_NO_SCREENSPACE_SHADOWS UNITY_NO_LINEAR_COLORSPACE ok=1
Cmd: compileSnippet
  api=4 type=1 insize=8382 outsize=4597 kw=DIRECTIONAL SHADOWS_OFF LIGHTMAP_OFF DIRLIGHTMAP_COMBINED DYNAMICLIGHTMAP_ON pd= ok=1
Cmd: compileSnippet
  api=0 type=1 insize=8382 outsize=6 kw=DIRECTIONAL SHADOWS_SCREEN LIGHTMAP_OFF DIRLIGHTMAP_COMBINED DYNAMICLIGHTMAP_ON pd= ok=1
Cmd: compileSnippet
  api=4 type=1 insize=8382 outsize=4906 kw=DIRECTIONAL SHADOWS_SCREEN LIGHTMAP_OFF DIRLIGHTMAP_COMBINED DYNAMICLIGHTMAP_ON pd= ok=1
Cmd: compileSnippet
  api=0 type=0 insize=5570 outsize=4046 kw=POINT pd= ok=1
Cmd: compileSnippet
  api=0 type=0 insize=5570 outsize=3690 kw=DIRECTIONAL pd= ok=1
Cmd: compileSnippet
  api=0 type=0 insize=5570 outsize=4204 kw=SPOT pd= ok=1
Cmd: compileSnippet
  api=0 type=0 insize=5570 outsize=4130 kw=POINT_COOKIE pd= ok=1
Cmd: compileSnippet
  api=0 type=0 insize=5570 outsize=3922 kw=DIRECTIONAL_COOKIE pd= ok=1
Cmd: compileSnippet
  api=0 type=1 insize=5570 outsize=6 kw=POINT pd= ok=1
Cmd: compileSnippet
  api=8 type=1 insize=5570 outsize=6208 kw=POINT pd=UNITY_NO_SCREENSPACE_SHADOWS UNITY_NO_LINEAR_COLORSPACE ok=1
Cmd: compileSnippet
  api=0 type=1 insize=5570 outsize=6 kw=SPOT pd= ok=1
Cmd: compileSnippet
  api=1 type=1 insize=5570 outsize=1320 kw=SPOT pd= ok=1
Cmd: compileSnippet
  api=8 type=1 insize=5570 outsize=6939 kw=SPOT pd=UNITY_NO_SCREENSPACE_SHADOWS UNITY_NO_LINEAR_COLORSPACE ok=1
Cmd: compileSnippet
  api=8 type=1 insize=5570 outsize=6516 kw=POINT_COOKIE pd=UNITY_NO_SCREENSPACE_SHADOWS UNITY_NO_LINEAR_COLORSPACE ok=1
Cmd: compileSnippet
  api=8 type=1 insize=5570 outsize=5850 kw=DIRECTIONAL_COOKIE pd=UNITY_NO_SCREENSPACE_SHADOWS UNITY_NO_LINEAR_COLORSPACE ok=1
Cmd: compileSnippet
  api=0 type=0 insize=4915 outsize=3091 kw= pd= ok=1
Cmd: compileSnippet
  api=0 type=1 insize=4915 outsize=6 kw= pd= ok=1
Cmd: compileSnippet
  api=8 type=1 insize=4915 outsize=3209 kw= pd=UNITY_NO_SCREENSPACE_SHADOWS UNITY_NO_LINEAR_COLORSPACE ok=1
Cmd: compileSnippet
  api=0 type=0 insize=7223 outsize=3456 kw=LIGHTMAP_OFF DIRLIGHTMAP_OFF DYNAMICLIGHTMAP_OFF HDR_LIGHT_PREPASS_OFF pd= ok=1
Cmd: compileSnippet
  api=0 type=0 insize=7223 outsize=3892 kw=LIGHTMAP_OFF DIRLIGHTMAP_COMBINED DYNAMICLIGHTMAP_ON HDR_LIGHT_PREPASS_OFF pd= ok=1
Cmd: compileSnippet
  api=1 type=0 insize=7223 outsize=772 kw=LIGHTMAP_OFF DIRLIGHTMAP_OFF DYNAMICLIGHTMAP_OFF UNITY_HDR_ON pd= ok=1
Cmd: compileSnippet
  api=4 type=0 insize=7223 outsize=4329 kw=LIGHTMAP_OFF DIRLIGHTMAP_OFF DYNAMICLIGHTMAP_OFF UNITY_HDR_ON pd= ok=1
Cmd: compileSnippet
  api=8 type=0 insize=7223 outsize=6159 kw=LIGHTMAP_OFF DIRLIGHTMAP_OFF DYNAMICLIGHTMAP_OFF UNITY_HDR_ON pd=UNITY_NO_SCREENSPACE_SHADOWS UNITY_NO_LINEAR_COLORSPACE ok=1
Cmd: compileSnippet
  api=1 type=0 insize=7223 outsize=942 kw=LIGHTMAP_OFF DIRLIGHTMAP_COMBINED DYNAMICLIGHTMAP_ON UNITY_HDR_ON pd= ok=1
Cmd: compileSnippet
  api=4 type=0 insize=7223 outsize=4475 kw=LIGHTMAP_OFF DIRLIGHTMAP_COMBINED DYNAMICLIGHTMAP_ON UNITY_HDR_ON pd= ok=1
Cmd: compileSnippet
  api=0 type=1 insize=7223 outsize=6 kw=LIGHTMAP_OFF DIRLIGHTMAP_OFF DYNAMICLIGHTMAP_OFF HDR_LIGHT_PREPASS_OFF pd= ok=1
Cmd: compileSnippet
  api=8 type=1 insize=7223 outsize=3396 kw=LIGHTMAP_OFF DIRLIGHTMAP_OFF DYNAMICLIGHTMAP_OFF HDR_LIGHT_PREPASS_OFF pd=UNITY_NO_SCREENSPACE_SHADOWS UNITY_NO_LINEAR_COLORSPACE ok=1
Cmd: compileSnippet
  api=0 type=1 insize=7223 outsize=6 kw=LIGHTMAP_OFF DIRLIGHTMAP_OFF DYNAMICLIGHTMAP_OFF UNITY_HDR_ON pd= ok=1
Cmd: compileSnippet
  api=1 type=1 insize=7223 outsize=480 kw=LIGHTMAP_OFF DIRLIGHTMAP_OFF DYNAMICLIGHTMAP_OFF UNITY_HDR_ON pd= ok=1
Cmd: compileSnippet
  api=8 type=1 insize=7223 outsize=3242 kw=LIGHTMAP_OFF DIRLIGHTMAP_OFF DYNAMICLIGHTMAP_OFF UNITY_HDR_ON pd=UNITY_NO_SCREENSPACE_SHADOWS UNITY_NO_LINEAR_COLORSPACE ok=1
Cmd: compileSnippet
  api=0 type=0 insize=7903 outsize=4925 kw=LIGHTMAP_OFF DIRLIGHTMAP_OFF DYNAMICLIGHTMAP_OFF HDR_LIGHT_PREPASS_OFF pd= ok=1
Cmd: compileSnippet
  api=0 type=0 insize=7903 outsize=4766 kw=LIGHTMAP_OFF DIRLIGHTMAP_COMBINED DYNAMICLIGHTMAP_ON HDR_LIGHT_PREPASS_OFF pd= ok=1
Cmd: compileSnippet
  api=1 type=0 insize=7903 outsize=1043 kw=LIGHTMAP_OFF DIRLIGHTMAP_OFF DYNAMICLIGHTMAP_OFF UNITY_HDR_ON pd= ok=1
Cmd: compileSnippet
  api=4 type=0 insize=7903 outsize=5328 kw=LIGHTMAP_OFF DIRLIGHTMAP_OFF DYNAMICLIGHTMAP_OFF UNITY_HDR_ON pd= ok=1
Cmd: compileSnippet
  api=8 type=0 insize=7903 outsize=7703 kw=LIGHTMAP_OFF DIRLIGHTMAP_OFF DYNAMICLIGHTMAP_OFF UNITY_HDR_ON pd=UNITY_NO_SCREENSPACE_SHADOWS UNITY_NO_LINEAR_COLORSPACE ok=1
Cmd: compileSnippet
  api=1 type=0 insize=7903 outsize=993 kw=LIGHTMAP_OFF DIRLIGHTMAP_COMBINED DYNAMICLIGHTMAP_ON UNITY_HDR_ON pd= ok=1
Cmd: compileSnippet
  api=4 type=0 insize=7903 outsize=4605 kw=LIGHTMAP_OFF DIRLIGHTMAP_COMBINED DYNAMICLIGHTMAP_ON UNITY_HDR_ON pd= ok=1
Cmd: compileSnippet
  api=0 type=1 insize=7903 outsize=6 kw=LIGHTMAP_OFF DIRLIGHTMAP_OFF DYNAMICLIGHTMAP_OFF HDR_LIGHT_PREPASS_OFF pd= ok=1
Cmd: compileSnippet
  api=8 type=1 insize=7903 outsize=4656 kw=LIGHTMAP_OFF DIRLIGHTMAP_OFF DYNAMICLIGHTMAP_OFF HDR_LIGHT_PREPASS_OFF pd=UNITY_NO_SCREENSPACE_SHADOWS UNITY_NO_LINEAR_COLORSPACE ok=1
Cmd: compileSnippet
  api=0 type=1 insize=7903 outsize=6 kw=LIGHTMAP_OFF DIRLIGHTMAP_OFF DYNAMICLIGHTMAP_OFF UNITY_HDR_ON pd= ok=1
Cmd: compileSnippet
  api=1 type=1 insize=7903 outsize=817 kw=LIGHTMAP_OFF DIRLIGHTMAP_OFF DYNAMICLIGHTMAP_OFF UNITY_HDR_ON pd= ok=1
Cmd: compileSnippet
  api=8 type=1 insize=7903 outsize=4534 kw=LIGHTMAP_OFF DIRLIGHTMAP_OFF DYNAMICLIGHTMAP_OFF UNITY_HDR_ON pd=UNITY_NO_SCREENSPACE_SHADOWS UNITY_NO_LINEAR_COLORSPACE ok=1
Cmd: compileSnippet
  api=4 type=1 insize=7903 outsize=3744 kw=LIGHTMAP_OFF DIRLIGHTMAP_COMBINED DYNAMICLIGHTMAP_ON UNITY_HDR_ON pd= ok=1
Cmd: compileSnippet
  api=0 type=0 insize=4737 outsize=4371 kw= pd= ok=1
Cmd: compileSnippet
  api=0 type=1 insize=4737 outsize=6 kw= pd= ok=1
Cmd: compileSnippet
  api=8 type=1 insize=4737 outsize=4193 kw= pd=UNITY_NO_SCREENSPACE_SHADOWS UNITY_NO_LINEAR_COLORSPACE ok=1
Cmd: compileSnippet
  api=0 type=0 insize=3431 outsize=2661 kw= pd= ok=1
Cmd: compileSnippet
  api=0 type=1 insize=3431 outsize=6 kw= pd= ok=1
Cmd: compileSnippet
  api=8 type=1 insize=3431 outsize=6858 kw= pd=UNITY_NO_SCREENSPACE_SHADOWS UNITY_NO_LINEAR_COLORSPACE ok=1
Cmd: compileSnippet
  api=0 type=0 insize=982 outsize=10119 kw=DIRECTIONAL SHADOWS_OFF LIGHTMAP_OFF DIRLIGHTMAP_OFF DYNAMICLIGHTMAP_OFF pd= ok=1
Cmd: compileSnippet
  api=1 type=0 insize=982 outsize=946 kw=DIRECTIONAL SHADOWS_OFF LIGHTMAP_OFF DIRLIGHTMAP_COMBINED DYNAMICLIGHTMAP_ON pd= ok=1
Cmd: compileSnippet
  api=0 type=0 insize=982 outsize=10586 kw=DIRECTIONAL SHADOWS_SCREEN LIGHTMAP_OFF DIRLIGHTMAP_OFF DYNAMICLIGHTMAP_OFF pd= ok=1
Cmd: compileSnippet
  api=1 type=0 insize=982 outsize=1095 kw=DIRECTIONAL SHADOWS_SCREEN LIGHTMAP_OFF DIRLIGHTMAP_COMBINED DYNAMICLIGHTMAP_ON pd= ok=1
Cmd: compileSnippet
  api=4 type=0 insize=982 outsize=4776 kw=DIRECTIONAL SHADOWS_SCREEN LIGHTMAP_OFF DIRLIGHTMAP_COMBINED DYNAMICLIGHTMAP_ON pd= ok=1
Cmd: compileSnippet
  api=0 type=0 insize=982 outsize=11377 kw=DIRECTIONAL SHADOWS_OFF LIGHTMAP_OFF DIRLIGHTMAP_OFF DYNAMICLIGHTMAP_OFF VERTEXLIGHT_ON pd= ok=1
Cmd: compileSnippet
  api=1 type=0 insize=982 outsize=946 kw=DIRECTIONAL SHADOWS_OFF LIGHTMAP_OFF DIRLIGHTMAP_COMBINED DYNAMICLIGHTMAP_ON VERTEXLIGHT_ON pd= ok=1
Cmd: compileSnippet
  api=4 type=0 insize=982 outsize=4418 kw=DIRECTIONAL SHADOWS_OFF LIGHTMAP_OFF DIRLIGHTMAP_COMBINED DYNAMICLIGHTMAP_ON VERTEXLIGHT_ON pd= ok=1
Cmd: compileSnippet
  api=0 type=0 insize=982 outsize=11844 kw=DIRECTIONAL SHADOWS_SCREEN LIGHTMAP_OFF DIRLIGHTMAP_OFF DYNAMICLIGHTMAP_OFF VERTEXLIGHT_ON pd= ok=1
Cmd: compileSnippet
  api=1 type=0 insize=982 outsize=1095 kw=DIRECTIONAL SHADOWS_SCREEN LIGHTMAP_OFF DIRLIGHTMAP_COMBINED DYNAMICLIGHTMAP_ON VERTEXLIGHT_ON pd= ok=1
Cmd: compileSnippet
  api=4 type=0 insize=982 outsize=4776 kw=DIRECTIONAL SHADOWS_SCREEN LIGHTMAP_OFF DIRLIGHTMAP_COMBINED DYNAMICLIGHTMAP_ON VERTEXLIGHT_ON pd= ok=1
Cmd: compileSnippet
  api=0 type=1 insize=982 outsize=6 kw=DIRECTIONAL SHADOWS_OFF LIGHTMAP_OFF DIRLIGHTMAP_OFF DYNAMICLIGHTMAP_OFF pd= ok=1
Cmd: compileSnippet
  api=0 type=1 insize=982 outsize=6 kw=DIRECTIONAL SHADOWS_OFF LIGHTMAP_OFF DIRLIGHTMAP_COMBINED DYNAMICLIGHTMAP_ON pd= ok=1
Cmd: compileSnippet
  api=1 type=1 insize=982 outsize=4058 kw=DIRECTIONAL SHADOWS_OFF LIGHTMAP_OFF DIRLIGHTMAP_COMBINED DYNAMICLIGHTMAP_ON pd= ok=1
Cmd: compileSnippet
  api=0 type=1 insize=982 outsize=6 kw=DIRECTIONAL SHADOWS_SCREEN LIGHTMAP_OFF DIRLIGHTMAP_COMBINED DYNAMICLIGHTMAP_ON pd= ok=1
Cmd: compileSnippet
  api=1 type=1 insize=982 outsize=4121 kw=DIRECTIONAL SHADOWS_SCREEN LIGHTMAP_OFF DIRLIGHTMAP_COMBINED DYNAMICLIGHTMAP_ON pd= ok=1
Cmd: compileSnippet
  api=0 type=0 insize=938 outsize=6131 kw=POINT SHADOWS_OFF pd= ok=1
Cmd: compileSnippet
  api=1 type=0 insize=938 outsize=830 kw=DIRECTIONAL SHADOWS_OFF pd= ok=1
Cmd: compileSnippet
  api=0 type=0 insize=938 outsize=6301 kw=SPOT SHADOWS_OFF pd= ok=1
Cmd: compileSnippet
  api=1 type=0 insize=938 outsize=923 kw=POINT_COOKIE SHADOWS_OFF pd= ok=1
Cmd: compileSnippet
  api=4 type=0 insize=938 outsize=4792 kw=POINT_COOKIE SHADOWS_OFF pd= ok=1
Cmd: compileSnippet
  api=0 type=0 insize=938 outsize=6048 kw=DIRECTIONAL_COOKIE SHADOWS_OFF pd= ok=1
Cmd: compileSnippet
  api=1 type=0 insize=938 outsize=1027 kw=SPOT SHADOWS_DEPTH SHADOWS_NATIVE pd= ok=1
Cmd: compileSnippet
  api=4 type=0 insize=938 outsize=5206 kw=SPOT SHADOWS_DEPTH SHADOWS_NATIVE pd= ok=1
Cmd: compileSnippet
  api=0 type=0 insize=938 outsize=6245 kw=DIRECTIONAL SHADOWS_SCREEN pd= ok=1
Cmd: compileSnippet
  api=1 type=0 insize=938 outsize=1073 kw=DIRECTIONAL_COOKIE SHADOWS_SCREEN pd= ok=1
Cmd: compileSnippet
  api=4 type=0 insize=938 outsize=5149 kw=DIRECTIONAL_COOKIE SHADOWS_SCREEN pd= ok=1
Cmd: compileSnippet
  api=0 type=0 insize=938 outsize=6899 kw=POINT SHADOWS_CUBE pd= ok=1
Cmd: compileSnippet
  api=1 type=0 insize=938 outsize=965 kw=POINT_COOKIE SHADOWS_CUBE pd= ok=1
Cmd: compileSnippet
  api=4 type=0 insize=938 outsize=4938 kw=POINT_COOKIE SHADOWS_CUBE pd= ok=1
Cmd: compileSnippet
  api=0 type=0 insize=938 outsize=7165 kw=SPOT SHADOWS_DEPTH SHADOWS_SOFT SHADOWS_NATIVE pd= ok=1
Cmd: compileSnippet
  api=1 type=0 insize=938 outsize=965 kw=POINT SHADOWS_CUBE SHADOWS_SOFT pd= ok=1
Cmd: compileSnippet
  api=4 type=0 insize=938 outsize=4938 kw=POINT SHADOWS_CUBE SHADOWS_SOFT pd= ok=1
Cmd: compileSnippet
  api=0 type=0 insize=938 outsize=7969 kw=POINT_COOKIE SHADOWS_CUBE SHADOWS_SOFT pd= ok=1
Cmd: compileSnippet
  api=0 type=1 insize=938 outsize=6 kw=POINT SHADOWS_OFF pd= ok=1
Cmd: compileSnippet
  api=4 type=1 insize=938 outsize=5962 kw=POINT SHADOWS_OFF pd= ok=1
Cmd: compileSnippet
  api=0 type=1 insize=938 outsize=6 kw=DIRECTIONAL SHADOWS_OFF pd= ok=1
Cmd: compileSnippet
  api=1 type=1 insize=938 outsize=2070 kw=DIRECTIONAL SHADOWS_OFF pd= ok=1
Cmd: compileSnippet
  api=4 type=1 insize=938 outsize=6458 kw=SPOT SHADOWS_OFF pd= ok=1
Cmd: compileSnippet
  api=4 type=1 insize=938 outsize=6149 kw=POINT_COOKIE SHADOWS_OFF pd= ok=1
Cmd: compileSnippet
  api=4 type=1 insize=938 outsize=5767 kw=DIRECTIONAL_COOKIE SHADOWS_OFF pd= ok=1
Cmd: compileSnippet
  api=4 type=1 insize=938 outsize=7051 kw=SPOT SHADOWS_DEPTH SHADOWS_NATIVE pd= ok=1
Cmd: compileSnippet
  api=4 type=1 insize=938 outsize=5824 kw=DIRECTIONAL SHADOWS_SCREEN pd= ok=1
Cmd: compileSnippet
  api=0 type=1 insize=938 outsize=6 kw=DIRECTIONAL_COOKIE SHADOWS_SCREEN pd= ok=1
Cmd: compileSnippet
  api=1 type=1 insize=938 outsize=2208 kw=DIRECTIONAL_COOKIE SHADOWS_SCREEN pd= ok=1
Cmd: compileSnippet
  api=0 type=1 insize=938 outsize=6 kw=POINT SHADOWS_CUBE pd= ok=1
Cmd: compileSnippet
  api=4 type=1 insize=938 outsize=6644 kw=POINT SHADOWS_CUBE pd= ok=1
Cmd: compileSnippet
  api=0 type=1 insize=938 outsize=6 kw=POINT_COOKIE SHADOWS_CUBE pd= ok=1
Cmd: compileSnippet
  api=1 type=1 insize=938 outsize=2412 kw=POINT_COOKIE SHADOWS_CUBE pd= ok=1
Cmd: compileSnippet
  api=4 type=1 insize=938 outsize=7660 kw=SPOT SHADOWS_DEPTH SHADOWS_SOFT SHADOWS_NATIVE pd= ok=1
Cmd: compileSnippet
  api=0 type=1 insize=938 outsize=6 kw=POINT SHADOWS_CUBE SHADOWS_SOFT pd= ok=1
Cmd: compileSnippet
  api=1 type=1 insize=938 outsize=2623 kw=POINT SHADOWS_CUBE SHADOWS_SOFT pd= ok=1
Cmd: compileSnippet
  api=0 type=1 insize=938 outsize=6 kw=POINT_COOKIE SHADOWS_CUBE SHADOWS_SOFT pd= ok=1
Cmd: compileSnippet
  api=1 type=1 insize=938 outsize=2673 kw=POINT_COOKIE SHADOWS_CUBE SHADOWS_SOFT pd= ok=1
Cmd: compileSnippet
  api=0 type=0 insize=751 outsize=1893 kw=SHADOWS_DEPTH pd= ok=1
Cmd: compileSnippet
  api=1 type=0 insize=751 outsize=199 kw=SHADOWS_CUBE pd= ok=1
Cmd: compileSnippet
  api=4 type=0 insize=751 outsize=1420 kw=SHADOWS_CUBE pd= ok=1
Cmd: compileSnippet
  api=0 type=1 insize=751 outsize=6 kw=SHADOWS_DEPTH pd= ok=1
Cmd: compileSnippet
  api=0 type=1 insize=751 outsize=6 kw=SHADOWS_CUBE pd= ok=1
Cmd: compileSnippet
  api=1 type=1 insize=751 outsize=98 kw=SHADOWS_CUBE pd= ok=1
Cmd: compileSnippet
  api=0 type=0 insize=1152 outsize=4215 kw=LIGHTMAP_OFF DIRLIGHTMAP_OFF DYNAMICLIGHTMAP_OFF pd= ok=1
Cmd: compileSnippet
  api=1 type=0 insize=1152 outsize=1073 kw=LIGHTMAP_OFF DIRLIGHTMAP_COMBINED DYNAMICLIGHTMAP_OFF pd= ok=1
Cmd: compileSnippet
  api=4 type=0 insize=1152 outsize=4703 kw=LIGHTMAP_OFF DIRLIGHTMAP_COMBINED DYNAMICLIGHTMAP_OFF pd= ok=1
Cmd: compileSnippet
  api=0 type=0 insize=1152 outsize=5140 kw=LIGHTMAP_OFF DIRLIGHTMAP_COMBINED DYNAMICLIGHTMAP_ON pd= ok=1
Cmd: compileSnippet
  api=1 type=0 insize=1152 outsize=1073 kw=LIGHTMAP_OFF DIRLIGHTMAP_SEPARATE DYNAMICLIGHTMAP_OFF pd= ok=1
Cmd: compileSnippet
  api=4 type=0 insize=1152 outsize=4703 kw=LIGHTMAP_OFF DIRLIGHTMAP_SEPARATE DYNAMICLIGHTMAP_OFF pd= ok=1
Cmd: compileSnippet
  api=0 type=0 insize=1152 outsize=4206 kw=LIGHTMAP_OFF DIRLIGHTMAP_OFF DYNAMICLIGHTMAP_OFF UNITY_HDR_ON pd= ok=1
Cmd: compileSnippet
  api=1 type=0 insize=1152 outsize=1073 kw=LIGHTMAP_OFF DIRLIGHTMAP_COMBINED DYNAMICLIGHTMAP_OFF UNITY_HDR_ON pd= ok=1
Cmd: compileSnippet
  api=4 type=0 insize=1152 outsize=4703 kw=LIGHTMAP_OFF DIRLIGHTMAP_COMBINED DYNAMICLIGHTMAP_OFF UNITY_HDR_ON pd= ok=1
Cmd: compileSnippet
  api=0 type=0 insize=1152 outsize=5131 kw=LIGHTMAP_OFF DIRLIGHTMAP_COMBINED DYNAMICLIGHTMAP_ON UNITY_HDR_ON pd= ok=1
Cmd: compileSnippet
  api=1 type=0 insize=1152 outsize=1073 kw=LIGHTMAP_OFF DIRLIGHTMAP_SEPARATE DYNAMICLIGHTMAP_OFF UNITY_HDR_ON pd= ok=1
Cmd: compileSnippet
  api=4 type=0 insize=1152 outsize=4703 kw=LIGHTMAP_OFF DIRLIGHTMAP_SEPARATE DYNAMICLIGHTMAP_OFF UNITY_HDR_ON pd= ok=1
Cmd: compileSnippet
  api=0 type=1 insize=1152 outsize=6 kw=LIGHTMAP_OFF DIRLIGHTMAP_OFF DYNAMICLIGHTMAP_OFF pd= ok=1
Cmd: compileSnippet
  api=4 type=1 insize=1152 outsize=2818 kw=LIGHTMAP_OFF DIRLIGHTMAP_OFF DYNAMICLIGHTMAP_OFF pd= ok=1
Cmd: compileSnippet
  api=4 type=1 insize=1152 outsize=2818 kw=LIGHTMAP_OFF DIRLIGHTMAP_COMBINED DYNAMICLIGHTMAP_OFF pd= ok=1
Cmd: compileSnippet
  api=4 type=1 insize=1152 outsize=3346 kw=LIGHTMAP_OFF DIRLIGHTMAP_COMBINED DYNAMICLIGHTMAP_ON pd= ok=1
Cmd: compileSnippet
  api=4 type=1 insize=1152 outsize=2818 kw=LIGHTMAP_OFF DIRLIGHTMAP_SEPARATE DYNAMICLIGHTMAP_OFF pd= ok=1
Cmd: compileSnippet
  api=4 type=1 insize=1152 outsize=2769 kw=LIGHTMAP_OFF DIRLIGHTMAP_OFF DYNAMICLIGHTMAP_OFF UNITY_HDR_ON pd= ok=1
Cmd: compileSnippet
  api=4 type=1 insize=1152 outsize=2769 kw=LIGHTMAP_OFF DIRLIGHTMAP_COMBINED DYNAMICLIGHTMAP_OFF UNITY_HDR_ON pd= ok=1
Cmd: compileSnippet
  api=4 type=1 insize=1152 outsize=3297 kw=LIGHTMAP_OFF DIRLIGHTMAP_COMBINED DYNAMICLIGHTMAP_ON UNITY_HDR_ON pd= ok=1
Cmd: compileSnippet
  api=4 type=1 insize=1152 outsize=2769 kw=LIGHTMAP_OFF DIRLIGHTMAP_SEPARATE DYNAMICLIGHTMAP_OFF UNITY_HDR_ON pd= ok=1
Cmd: compileSnippet
  api=0 type=0 insize=530 outsize=3063 kw= pd= ok=1
Cmd: compileSnippet
  api=0 type=1 insize=530 outsize=6 kw= pd= ok=1
Cmd: compileSnippet
  api=4 type=1 insize=530 outsize=1899 kw= pd= ok=1
Cmd: compileSnippet
  api=0 type=0 insize=886 outsize=5198 kw=DIRECTIONAL SHADOWS_OFF LIGHTMAP_OFF DIRLIGHTMAP_OFF DYNAMICLIGHTMAP_OFF pd= ok=1
Cmd: compileSnippet
  api=1 type=0 insize=886 outsize=979 kw=DIRECTIONAL SHADOWS_SCREEN LIGHTMAP_OFF DIRLIGHTMAP_OFF DYNAMICLIGHTMAP_OFF pd= ok=1
Cmd: compileSnippet
  api=4 type=0 insize=886 outsize=4670 kw=DIRECTIONAL SHADOWS_SCREEN LIGHTMAP_OFF DIRLIGHTMAP_OFF DYNAMICLIGHTMAP_OFF pd= ok=1
Cmd: compileSnippet
  api=0 type=0 insize=886 outsize=6456 kw=DIRECTIONAL SHADOWS_OFF LIGHTMAP_OFF DIRLIGHTMAP_OFF DYNAMICLIGHTMAP_OFF VERTEXLIGHT_ON pd= ok=1
Cmd: compileSnippet
  api=8 type=0 insize=886 outsize=8653 kw=DIRECTIONAL SHADOWS_OFF LIGHTMAP_OFF DIRLIGHTMAP_OFF DYNAMICLIGHTMAP_OFF VERTEXLIGHT_ON pd=UNITY_NO_SCREENSPACE_SHADOWS UNITY_NO_LINEAR_COLORSPACE ok=1
Cmd: compileSnippet
  api=1 type=0 insize=886 outsize=1473 kw=DIRECTIONAL SHADOWS_SCREEN LIGHTMAP_OFF DIRLIGHTMAP_OFF DYNAMICLIGHTMAP_OFF VERTEXLIGHT_ON pd= ok=1
Cmd: compileSnippet
  api=4 type=0 insize=886 outsize=6084 kw=DIRECTIONAL SHADOWS_SCREEN LIGHTMAP_OFF DIRLIGHTMAP_OFF DYNAMICLIGHTMAP_OFF VERTEXLIGHT_ON pd= ok=1
Cmd: compileSnippet
  api=8 type=0 insize=886 outsize=9709 kw=DIRECTIONAL SHADOWS_SCREEN SHADOWS_NATIVE LIGHTMAP_OFF DIRLIGHTMAP_OFF DYNAMICLIGHTMAP_OFF VERTEXLIGHT_ON pd=UNITY_NO_SCREENSPACE_SHADOWS UNITY_NO_LINEAR_COLORSPACE ok=1
Cmd: compileSnippet
  api=0 type=1 insize=886 outsize=6 kw=DIRECTIONAL SHADOWS_OFF LIGHTMAP_OFF DIRLIGHTMAP_OFF DYNAMICLIGHTMAP_OFF pd= ok=1
Cmd: compileSnippet
  api=4 type=1 insize=886 outsize=4020 kw=DIRECTIONAL SHADOWS_OFF LIGHTMAP_OFF DIRLIGHTMAP_OFF DYNAMICLIGHTMAP_OFF pd= ok=1
Cmd: compileSnippet
  api=0 type=1 insize=886 outsize=6 kw=DIRECTIONAL SHADOWS_SCREEN LIGHTMAP_OFF DIRLIGHTMAP_OFF DYNAMICLIGHTMAP_OFF pd= ok=1
Cmd: compileSnippet
  api=1 type=1 insize=886 outsize=1222 kw=DIRECTIONAL SHADOWS_SCREEN LIGHTMAP_OFF DIRLIGHTMAP_OFF DYNAMICLIGHTMAP_OFF pd= ok=1
Cmd: compileSnippet
  api=4 type=1 insize=886 outsize=4337 kw=DIRECTIONAL SHADOWS_SCREEN LIGHTMAP_OFF DIRLIGHTMAP_OFF DYNAMICLIGHTMAP_OFF pd= ok=1
Cmd: compileSnippet
  api=0 type=0 insize=816 outsize=4885 kw=POINT SHADOWS_OFF pd= ok=1
Cmd: compileSnippet
  api=0 type=0 insize=816 outsize=4604 kw=DIRECTIONAL SHADOWS_OFF pd= ok=1
Cmd: compileSnippet
  api=0 type=0 insize=816 outsize=5039 kw=SPOT SHADOWS_OFF pd= ok=1
Cmd: compileSnippet
  api=0 type=0 insize=816 outsize=4973 kw=POINT_COOKIE SHADOWS_OFF pd= ok=1
Cmd: compileSnippet
  api=0 type=0 insize=816 outsize=4838 kw=DIRECTIONAL_COOKIE SHADOWS_OFF pd= ok=1
Cmd: compileSnippet
  api=8 type=0 insize=816 outsize=7231 kw=DIRECTIONAL_COOKIE SHADOWS_OFF pd=UNITY_NO_SCREENSPACE_SHADOWS UNITY_NO_LINEAR_COLORSPACE ok=1
Cmd: compileSnippet
  api=1 type=0 insize=816 outsize=989 kw=SPOT SHADOWS_DEPTH SHADOWS_NATIVE pd= ok=1
Cmd: compileSnippet
  api=4 type=0 insize=816 outsize=5515 kw=SPOT SHADOWS_DEPTH SHADOWS_NATIVE pd= ok=1
Cmd: compileSnippet
  api=0 type=0 insize=816 outsize=5035 kw=DIRECTIONAL SHADOWS_SCREEN pd= ok=1
Cmd: compileSnippet
  api=0 type=0 insize=816 outsize=5277 kw=DIRECTIONAL_COOKIE SHADOWS_SCREEN pd= ok=1
Cmd: compileSnippet
  api=1 type=0 insize=816 outsize=915 kw=POINT SHADOWS_CUBE pd= ok=1
Cmd: compileSnippet
  api=4 type=0 insize=816 outsize=5247 kw=POINT SHADOWS_CUBE pd= ok=1
Cmd: compileSnippet
  api=8 type=0 insize=816 outsize=7589 kw=POINT SHADOWS_CUBE pd=UNITY_NO_SCREENSPACE_SHADOWS UNITY_NO_LINEAR_COLORSPACE ok=1
Cmd: compileSnippet
  api=1 type=0 insize=816 outsize=915 kw=POINT_COOKIE SHADOWS_CUBE pd= ok=1
Cmd: compileSnippet
  api=4 type=0 insize=816 outsize=5247 kw=POINT_COOKIE SHADOWS_CUBE pd= ok=1
Cmd: compileSnippet
  api=8 type=0 insize=816 outsize=7589 kw=POINT_COOKIE SHADOWS_CUBE pd=UNITY_NO_SCREENSPACE_SHADOWS UNITY_NO_LINEAR_COLORSPACE ok=1
Cmd: compileSnippet
  api=8 type=0 insize=816 outsize=7824 kw=DIRECTIONAL_COOKIE SHADOWS_SCREEN SHADOWS_NATIVE pd=UNITY_NO_SCREENSPACE_SHADOWS UNITY_NO_LINEAR_COLORSPACE ok=1
Cmd: compileSnippet
  api=0 type=1 insize=816 outsize=6 kw=POINT SHADOWS_OFF pd= ok=1
Cmd: compileSnippet
  api=4 type=1 insize=816 outsize=2899 kw=POINT SHADOWS_OFF pd= ok=1
Cmd: compileSnippet
  api=0 type=1 insize=816 outsize=6 kw=DIRECTIONAL SHADOWS_OFF pd= ok=1
Cmd: compileSnippet
  api=1 type=1 insize=816 outsize=689 kw=DIRECTIONAL SHADOWS_OFF pd= ok=1
Cmd: compileSnippet
  api=4 type=1 insize=816 outsize=2582 kw=DIRECTIONAL SHADOWS_OFF pd= ok=1
Cmd: compileSnippet
  api=0 type=1 insize=816 outsize=6 kw=SPOT SHADOWS_OFF pd= ok=1
Cmd: compileSnippet
  api=1 type=1 insize=816 outsize=941 kw=SPOT SHADOWS_OFF pd= ok=1
Cmd: compileSnippet
  api=4 type=1 insize=816 outsize=3394 kw=SPOT SHADOWS_OFF pd= ok=1
Cmd: compileSnippet
  api=0 type=1 insize=816 outsize=6 kw=POINT_COOKIE SHADOWS_OFF pd= ok=1
Cmd: compileSnippet
  api=1 type=1 insize=816 outsize=857 kw=POINT_COOKIE SHADOWS_OFF pd= ok=1
Cmd: compileSnippet
  api=8 type=1 insize=816 outsize=4648 kw=POINT_COOKIE SHADOWS_OFF pd=UNITY_NO_SCREENSPACE_SHADOWS UNITY_NO_LINEAR_COLORSPACE ok=1
Cmd: compileSnippet
  api=4 type=1 insize=816 outsize=2842 kw=DIRECTIONAL_COOKIE SHADOWS_OFF pd= ok=1
Cmd: compileSnippet
  api=0 type=1 insize=816 outsize=6 kw=SPOT SHADOWS_DEPTH SHADOWS_NATIVE pd= ok=1
Cmd: compileSnippet
  api=1 type=1 insize=816 outsize=1031 kw=SPOT SHADOWS_DEPTH SHADOWS_NATIVE pd= ok=1
Cmd: compileSnippet
  api=8 type=1 insize=816 outsize=5891 kw=SPOT SHADOWS_DEPTH SHADOWS_NATIVE pd=UNITY_NO_SCREENSPACE_SHADOWS UNITY_NO_LINEAR_COLORSPACE ok=1
Cmd: compileSnippet
  api=0 type=1 insize=816 outsize=6 kw=DIRECTIONAL_COOKIE SHADOWS_SCREEN pd= ok=1
Cmd: compileSnippet
  api=1 type=1 insize=816 outsize=845 kw=DIRECTIONAL_COOKIE SHADOWS_SCREEN pd= ok=1
Cmd: compileSnippet
  api=0 type=1 insize=816 outsize=6 kw=POINT SHADOWS_CUBE pd= ok=1
Cmd: compileSnippet
  api=1 type=1 insize=816 outsize=999 kw=POINT SHADOWS_CUBE pd= ok=1
Cmd: compileSnippet
  api=8 type=1 insize=816 outsize=5436 kw=POINT SHADOWS_CUBE pd=UNITY_NO_SCREENSPACE_SHADOWS UNITY_NO_LINEAR_COLORSPACE ok=1
Cmd: compileSnippet
  api=8 type=1 insize=816 outsize=5720 kw=POINT_COOKIE SHADOWS_CUBE pd=UNITY_NO_SCREENSPACE_SHADOWS UNITY_NO_LINEAR_COLORSPACE ok=1
Cmd: compileSnippet
  api=8 type=1 insize=816 outsize=4989 kw=DIRECTIONAL_COOKIE SHADOWS_SCREEN SHADOWS_NATIVE pd=UNITY_NO_SCREENSPACE_SHADOWS UNITY_NO_LINEAR_COLORSPACE ok=1
Cmd: compileSnippet
  api=0 type=0 insize=600 outsize=1893 kw=SHADOWS_DEPTH pd= ok=1
Cmd: compileSnippet
  api=8 type=0 insize=600 outsize=5395 kw=SHADOWS_DEPTH pd=UNITY_NO_SCREENSPACE_SHADOWS UNITY_NO_LINEAR_COLORSPACE ok=1
Cmd: compileSnippet
  api=8 type=0 insize=600 outsize=2056 kw=SHADOWS_CUBE pd=UNITY_NO_SCREENSPACE_SHADOWS UNITY_NO_LINEAR_COLORSPACE ok=1
Cmd: compileSnippet
  api=0 type=1 insize=600 outsize=6 kw=SHADOWS_DEPTH pd= ok=1
Cmd: compileSnippet
  api=4 type=1 insize=600 outsize=380 kw=SHADOWS_DEPTH pd= ok=1
Cmd: compileSnippet
  api=0 type=1 insize=600 outsize=6 kw=SHADOWS_CUBE pd= ok=1
Cmd: compileSnippet
  api=1 type=1 insize=600 outsize=103 kw=SHADOWS_CUBE pd= ok=1
Cmd: compileSnippet
  api=8 type=1 insize=600 outsize=934 kw=SHADOWS_CUBE pd=UNITY_NO_SCREENSPACE_SHADOWS UNITY_NO_LINEAR_COLORSPACE ok=1
Cmd: compileSnippet
  api=0 type=0 insize=530 outsize=3063 kw= pd= ok=1
Cmd: compileSnippet
  api=0 type=1 insize=530 outsize=6 kw= pd= ok=1
Cmd: compileSnippet
  api=4 type=1 insize=530 outsize=1899 kw= pd= ok=1
